[debug] [2024-03-06T19:51:25.003Z] ----------------------------------------------------------------------
[debug] [2024-03-06T19:51:25.007Z] Command:       /usr/local/bin/node /usr/local/bin/firebase deploy --only functions
[debug] [2024-03-06T19:51:25.007Z] CLI Version:   13.4.0
[debug] [2024-03-06T19:51:25.007Z] Platform:      darwin
[debug] [2024-03-06T19:51:25.007Z] Node Version:  v20.11.1
[debug] [2024-03-06T19:51:25.007Z] Time:          Wed Mar 06 2024 14:51:25 GMT-0500 (Eastern Standard Time)
[debug] [2024-03-06T19:51:25.008Z] ----------------------------------------------------------------------
[debug] 
[debug] [2024-03-06T19:51:25.042Z] > command requires scopes: ["email","openid","https://www.googleapis.com/auth/cloudplatformprojects.readonly","https://www.googleapis.com/auth/firebase","https://www.googleapis.com/auth/cloud-platform"]
[debug] [2024-03-06T19:51:25.042Z] > authorizing via signed-in user (goodbowlsadmin@ncsu.edu)
[debug] [2024-03-06T19:51:25.042Z] [iam] checking project good-bowls-398419 for permissions ["cloudfunctions.functions.create","cloudfunctions.functions.delete","cloudfunctions.functions.get","cloudfunctions.functions.list","cloudfunctions.functions.update","cloudfunctions.operations.get","firebase.projects.get"]
[debug] [2024-03-06T19:51:25.043Z] >>> [apiv2][query] POST https://cloudresourcemanager.googleapis.com/v1/projects/good-bowls-398419:testIamPermissions [none]
[debug] [2024-03-06T19:51:25.043Z] >>> [apiv2][(partial)header] POST https://cloudresourcemanager.googleapis.com/v1/projects/good-bowls-398419:testIamPermissions x-goog-quota-user=projects/good-bowls-398419
[debug] [2024-03-06T19:51:25.043Z] >>> [apiv2][body] POST https://cloudresourcemanager.googleapis.com/v1/projects/good-bowls-398419:testIamPermissions {"permissions":["cloudfunctions.functions.create","cloudfunctions.functions.delete","cloudfunctions.functions.get","cloudfunctions.functions.list","cloudfunctions.functions.update","cloudfunctions.operations.get","firebase.projects.get"]}
[debug] [2024-03-06T19:51:25.258Z] <<< [apiv2][status] POST https://cloudresourcemanager.googleapis.com/v1/projects/good-bowls-398419:testIamPermissions 200
[debug] [2024-03-06T19:51:25.259Z] <<< [apiv2][body] POST https://cloudresourcemanager.googleapis.com/v1/projects/good-bowls-398419:testIamPermissions {"permissions":["cloudfunctions.functions.create","cloudfunctions.functions.delete","cloudfunctions.functions.get","cloudfunctions.functions.list","cloudfunctions.functions.update","cloudfunctions.operations.get","firebase.projects.get"]}
[debug] [2024-03-06T19:51:25.259Z] >>> [apiv2][query] POST https://iam.googleapis.com/v1/projects/good-bowls-398419/serviceAccounts/good-bowls-398419@appspot.gserviceaccount.com:testIamPermissions [none]
[debug] [2024-03-06T19:51:25.259Z] >>> [apiv2][body] POST https://iam.googleapis.com/v1/projects/good-bowls-398419/serviceAccounts/good-bowls-398419@appspot.gserviceaccount.com:testIamPermissions {"permissions":["iam.serviceAccounts.actAs"]}
[debug] [2024-03-06T19:51:25.494Z] <<< [apiv2][status] POST https://iam.googleapis.com/v1/projects/good-bowls-398419/serviceAccounts/good-bowls-398419@appspot.gserviceaccount.com:testIamPermissions 200
[debug] [2024-03-06T19:51:25.494Z] <<< [apiv2][body] POST https://iam.googleapis.com/v1/projects/good-bowls-398419/serviceAccounts/good-bowls-398419@appspot.gserviceaccount.com:testIamPermissions {"permissions":["iam.serviceAccounts.actAs"]}
[info] 
[info] === Deploying to 'good-bowls-398419'...
[info] 
[info] i  deploying functions 
[debug] [2024-03-06T19:51:25.498Z] >>> [apiv2][query] GET https://firebase.googleapis.com/v1beta1/projects/good-bowls-398419 [none]
[debug] [2024-03-06T19:51:25.826Z] <<< [apiv2][status] GET https://firebase.googleapis.com/v1beta1/projects/good-bowls-398419 200
[debug] [2024-03-06T19:51:25.826Z] <<< [apiv2][body] GET https://firebase.googleapis.com/v1beta1/projects/good-bowls-398419 {"projectId":"good-bowls-398419","projectNumber":"212707961397","displayName":"Good Bowls","name":"projects/good-bowls-398419","resources":{"hostingSite":"good-bowls-398419","realtimeDatabaseInstance":"good-bowls-398419-default-rtdb","storageBucket":"good-bowls-398419.appspot.com","locationId":"us-central"},"state":"ACTIVE","etag":"1_44ed1aa3-eb3c-4b3d-86d9-9c9a14598fdd"}
[info] i  functions: preparing codebase default for deployment 
[info] i  functions: ensuring required API cloudfunctions.googleapis.com is enabled... 
[info] i  functions: ensuring required API cloudbuild.googleapis.com is enabled... 
[info] i  artifactregistry: ensuring required API artifactregistry.googleapis.com is enabled... 
[debug] [2024-03-06T19:51:25.828Z] >>> [apiv2][query] GET https://serviceusage.googleapis.com/v1/projects/good-bowls-398419/services/cloudfunctions.googleapis.com [none]
[debug] [2024-03-06T19:51:25.828Z] >>> [apiv2][(partial)header] GET https://serviceusage.googleapis.com/v1/projects/good-bowls-398419/services/cloudfunctions.googleapis.com x-goog-quota-user=projects/good-bowls-398419
[debug] [2024-03-06T19:51:25.829Z] >>> [apiv2][query] GET https://serviceusage.googleapis.com/v1/projects/good-bowls-398419/services/runtimeconfig.googleapis.com [none]
[debug] [2024-03-06T19:51:25.829Z] >>> [apiv2][(partial)header] GET https://serviceusage.googleapis.com/v1/projects/good-bowls-398419/services/runtimeconfig.googleapis.com x-goog-quota-user=projects/good-bowls-398419
[debug] [2024-03-06T19:51:25.830Z] >>> [apiv2][query] GET https://serviceusage.googleapis.com/v1/projects/good-bowls-398419/services/cloudbuild.googleapis.com [none]
[debug] [2024-03-06T19:51:25.830Z] >>> [apiv2][(partial)header] GET https://serviceusage.googleapis.com/v1/projects/good-bowls-398419/services/cloudbuild.googleapis.com x-goog-quota-user=projects/good-bowls-398419
[debug] [2024-03-06T19:51:25.831Z] >>> [apiv2][query] GET https://serviceusage.googleapis.com/v1/projects/good-bowls-398419/services/artifactregistry.googleapis.com [none]
[debug] [2024-03-06T19:51:25.831Z] >>> [apiv2][(partial)header] GET https://serviceusage.googleapis.com/v1/projects/good-bowls-398419/services/artifactregistry.googleapis.com x-goog-quota-user=projects/good-bowls-398419
[debug] [2024-03-06T19:51:26.327Z] <<< [apiv2][status] GET https://serviceusage.googleapis.com/v1/projects/good-bowls-398419/services/cloudfunctions.googleapis.com 200
[debug] [2024-03-06T19:51:26.327Z] <<< [apiv2][body] GET https://serviceusage.googleapis.com/v1/projects/good-bowls-398419/services/cloudfunctions.googleapis.com [omitted]
[info] ✔  functions: required API cloudfunctions.googleapis.com is enabled 
[debug] [2024-03-06T19:51:26.457Z] <<< [apiv2][status] GET https://serviceusage.googleapis.com/v1/projects/good-bowls-398419/services/runtimeconfig.googleapis.com 200
[debug] [2024-03-06T19:51:26.457Z] <<< [apiv2][body] GET https://serviceusage.googleapis.com/v1/projects/good-bowls-398419/services/runtimeconfig.googleapis.com [omitted]
[debug] [2024-03-06T19:51:26.515Z] <<< [apiv2][status] GET https://serviceusage.googleapis.com/v1/projects/good-bowls-398419/services/artifactregistry.googleapis.com 200
[debug] [2024-03-06T19:51:26.515Z] <<< [apiv2][body] GET https://serviceusage.googleapis.com/v1/projects/good-bowls-398419/services/artifactregistry.googleapis.com [omitted]
[info] ✔  artifactregistry: required API artifactregistry.googleapis.com is enabled 
[debug] [2024-03-06T19:51:26.580Z] <<< [apiv2][status] GET https://serviceusage.googleapis.com/v1/projects/good-bowls-398419/services/cloudbuild.googleapis.com 200
[debug] [2024-03-06T19:51:26.580Z] <<< [apiv2][body] GET https://serviceusage.googleapis.com/v1/projects/good-bowls-398419/services/cloudbuild.googleapis.com [omitted]
[info] ✔  functions: required API cloudbuild.googleapis.com is enabled 
[debug] [2024-03-06T19:51:26.580Z] >>> [apiv2][query] GET https://firebase.googleapis.com/v1beta1/projects/good-bowls-398419/adminSdkConfig [none]
[debug] [2024-03-06T19:51:26.853Z] <<< [apiv2][status] GET https://firebase.googleapis.com/v1beta1/projects/good-bowls-398419/adminSdkConfig 200
[debug] [2024-03-06T19:51:26.854Z] <<< [apiv2][body] GET https://firebase.googleapis.com/v1beta1/projects/good-bowls-398419/adminSdkConfig {"projectId":"good-bowls-398419","databaseURL":"https://good-bowls-398419-default-rtdb.firebaseio.com","storageBucket":"good-bowls-398419.appspot.com","locationId":"us-central"}
[debug] [2024-03-06T19:51:26.854Z] >>> [apiv2][query] GET https://runtimeconfig.googleapis.com/v1beta1/projects/good-bowls-398419/configs [none]
[debug] [2024-03-06T19:51:27.228Z] <<< [apiv2][status] GET https://runtimeconfig.googleapis.com/v1beta1/projects/good-bowls-398419/configs 200
[debug] [2024-03-06T19:51:27.229Z] <<< [apiv2][body] GET https://runtimeconfig.googleapis.com/v1beta1/projects/good-bowls-398419/configs {}
[debug] [2024-03-06T19:51:27.231Z] Validating nodejs source
[debug] [2024-03-06T19:51:27.885Z] > [functions] package.json contents: {
  "name": "functions",
  "description": "Cloud Functions for Firebase",
  "scripts": {
    "serve": "firebase emulators:start --only functions",
    "shell": "firebase functions:shell",
    "start": "npm run shell",
    "deploy": "firebase deploy --only functions",
    "logs": "firebase functions:log"
  },
  "engines": {
    "node": "18"
  },
  "main": "index.js",
  "dependencies": {
    "@google-cloud/translate": "^8.1.0",
    "firebase-admin": "^11.8.0",
    "firebase-functions": "^4.3.1"
  },
  "devDependencies": {
    "firebase-functions-test": "^3.1.0"
  },
  "private": true
}
[debug] [2024-03-06T19:51:27.885Z] Building nodejs source
[info] i  functions: Loading and analyzing source code for codebase default to determine what to deploy 
[debug] [2024-03-06T19:51:27.886Z] Could not find functions.yaml. Must use http discovery
[debug] [2024-03-06T19:51:27.893Z] Found firebase-functions binary at '/Users/knharde/good_bowls_admin/functions/node_modules/.bin/firebase-functions'
[info] Serving at port 8631

[debug] [2024-03-06T19:51:28.280Z] Got response from /__/functions.yaml {"endpoints":{"translateText":{"platform":"gcfv1","availableMemoryMb":null,"timeoutSeconds":null,"minInstances":null,"maxInstances":null,"ingressSettings":null,"serviceAccountEmail":null,"vpc":null,"httpsTrigger":{},"entryPoint":"translateText"}},"specVersion":"v1alpha1","requiredAPIs":[]}
[info] i  functions: preparing functions directory for uploading... 
[info] i  functions: packaged /Users/knharde/good_bowls_admin/functions (70.84 KB) for uploading 
[debug] [2024-03-06T19:51:33.326Z] >>> [apiv2][query] GET https://cloudfunctions.googleapis.com/v1/projects/good-bowls-398419/locations/-/functions [none]
[debug] [2024-03-06T19:51:33.843Z] <<< [apiv2][status] GET https://cloudfunctions.googleapis.com/v1/projects/good-bowls-398419/locations/-/functions 200
[debug] [2024-03-06T19:51:33.844Z] <<< [apiv2][body] GET https://cloudfunctions.googleapis.com/v1/projects/good-bowls-398419/locations/-/functions {}
[debug] [2024-03-06T19:51:33.844Z] >>> [apiv2][query] GET https://cloudfunctions.googleapis.com/v2/projects/good-bowls-398419/locations/-/functions filter=environment%3D%22GEN_2%22
[debug] [2024-03-06T19:51:34.349Z] <<< [apiv2][status] GET https://cloudfunctions.googleapis.com/v2/projects/good-bowls-398419/locations/-/functions 200
[debug] [2024-03-06T19:51:34.349Z] <<< [apiv2][body] GET https://cloudfunctions.googleapis.com/v2/projects/good-bowls-398419/locations/-/functions {}
[debug] [2024-03-06T19:51:34.350Z] >>> [apiv2][query] GET https://firebase.googleapis.com/v1beta1/projects/good-bowls-398419 [none]
[debug] [2024-03-06T19:51:34.543Z] <<< [apiv2][status] GET https://firebase.googleapis.com/v1beta1/projects/good-bowls-398419 200
[debug] [2024-03-06T19:51:34.544Z] <<< [apiv2][body] GET https://firebase.googleapis.com/v1beta1/projects/good-bowls-398419 {"projectId":"good-bowls-398419","projectNumber":"212707961397","displayName":"Good Bowls","name":"projects/good-bowls-398419","resources":{"hostingSite":"good-bowls-398419","realtimeDatabaseInstance":"good-bowls-398419-default-rtdb","storageBucket":"good-bowls-398419.appspot.com","locationId":"us-central"},"state":"ACTIVE","etag":"1_44ed1aa3-eb3c-4b3d-86d9-9c9a14598fdd"}
[debug] [2024-03-06T19:51:34.545Z] [functions] found 1 new HTTP functions, testing setIamPolicy permission...
[debug] [2024-03-06T19:51:34.545Z] >>> [apiv2][query] POST https://cloudresourcemanager.googleapis.com/v1/projects/good-bowls-398419:testIamPermissions [none]
[debug] [2024-03-06T19:51:34.545Z] >>> [apiv2][(partial)header] POST https://cloudresourcemanager.googleapis.com/v1/projects/good-bowls-398419:testIamPermissions x-goog-quota-user=projects/good-bowls-398419
[debug] [2024-03-06T19:51:34.545Z] >>> [apiv2][body] POST https://cloudresourcemanager.googleapis.com/v1/projects/good-bowls-398419:testIamPermissions {"permissions":["cloudfunctions.functions.setIamPolicy"]}
[debug] [2024-03-06T19:51:34.824Z] <<< [apiv2][status] POST https://cloudresourcemanager.googleapis.com/v1/projects/good-bowls-398419:testIamPermissions 200
[debug] [2024-03-06T19:51:34.825Z] <<< [apiv2][body] POST https://cloudresourcemanager.googleapis.com/v1/projects/good-bowls-398419:testIamPermissions {"permissions":["cloudfunctions.functions.setIamPolicy"]}
[debug] [2024-03-06T19:51:34.825Z] [functions] found setIamPolicy permission, proceeding with deploy
[debug] [2024-03-06T19:51:34.826Z] >>> [apiv2][query] POST https://cloudfunctions.googleapis.com/v1/projects/good-bowls-398419/locations/us-central1/functions:generateUploadUrl [none]
[debug] [2024-03-06T19:51:34.826Z] >>> [apiv2][body] POST https://cloudfunctions.googleapis.com/v1/projects/good-bowls-398419/locations/us-central1/functions:generateUploadUrl {}
[debug] [2024-03-06T19:51:35.354Z] <<< [apiv2][status] POST https://cloudfunctions.googleapis.com/v1/projects/good-bowls-398419/locations/us-central1/functions:generateUploadUrl 200
[debug] [2024-03-06T19:51:35.354Z] <<< [apiv2][body] POST https://cloudfunctions.googleapis.com/v1/projects/good-bowls-398419/locations/us-central1/functions:generateUploadUrl {"uploadUrl":"https://storage.googleapis.com/uploads-124858029996.us-central1.cloudfunctions.appspot.com/45b2bfc6-07c5-4231-83df-605a4f5d7fda.zip?GoogleAccessId=service-212707961397@gcf-admin-robot.iam.gserviceaccount.com&Expires=1709756492&Signature=J6iqTiL2ZW0Uslkv35RyqAcsXd%2Bdht%2FCGTb7eZjwZoDuljkgBFwbVieDPoMsJGqFZgLnQUIYAyUmw0Z%2Bh7djWSqokwChrE75dagLrTWkEtxiNBahAtT3qdkWbfu4OZok1iYhxQKlMF96q5SQRPF9wum4oFvAPF9MvT4ceF4GjsWDPCvvRaNI2f7bVI25Gz1i7G2zdYiDjpLuyr0LbddDNmd6OwUtrS%2FXV5boGINvEmQHq1JhzR3ZNuEWMbiaSM%2B58yJ9exYuf0yzGKdZs66FkpJWKAkEAzoN6GKgRtZK8dq7fTSg8Tsn586Whn%2BGa6zHQ2HaYfCJmEk1lKTGa8r2YQ%3D%3D"}
[debug] [2024-03-06T19:51:35.357Z] >>> [apiv2][query] PUT https://storage.googleapis.com/uploads-124858029996.us-central1.cloudfunctions.appspot.com/45b2bfc6-07c5-4231-83df-605a4f5d7fda.zip GoogleAccessId=service-212707961397%40gcf-admin-robot.iam.gserviceaccount.com&Expires=1709756492&Signature=J6iqTiL2ZW0Uslkv35RyqAcsXd%2Bdht%2FCGTb7eZjwZoDuljkgBFwbVieDPoMsJGqFZgLnQUIYAyUmw0Z%2Bh7djWSqokwChrE75dagLrTWkEtxiNBahAtT3qdkWbfu4OZok1iYhxQKlMF96q5SQRPF9wum4oFvAPF9MvT4ceF4GjsWDPCvvRaNI2f7bVI25Gz1i7G2zdYiDjpLuyr0LbddDNmd6OwUtrS%2FXV5boGINvEmQHq1JhzR3ZNuEWMbiaSM%2B58yJ9exYuf0yzGKdZs66FkpJWKAkEAzoN6GKgRtZK8dq7fTSg8Tsn586Whn%2BGa6zHQ2HaYfCJmEk1lKTGa8r2YQ%3D%3D
[debug] [2024-03-06T19:51:35.357Z] >>> [apiv2][body] PUT https://storage.googleapis.com/uploads-124858029996.us-central1.cloudfunctions.appspot.com/45b2bfc6-07c5-4231-83df-605a4f5d7fda.zip [stream]
[debug] [2024-03-06T19:51:35.740Z] <<< [apiv2][status] PUT https://storage.googleapis.com/uploads-124858029996.us-central1.cloudfunctions.appspot.com/45b2bfc6-07c5-4231-83df-605a4f5d7fda.zip 200
[debug] [2024-03-06T19:51:35.740Z] <<< [apiv2][body] PUT https://storage.googleapis.com/uploads-124858029996.us-central1.cloudfunctions.appspot.com/45b2bfc6-07c5-4231-83df-605a4f5d7fda.zip [omitted]
[info] ✔  functions: functions folder uploaded successfully 
[info] i  functions: creating Node.js 18 (1st Gen) function translateText(us-central1)... 
[debug] [2024-03-06T19:51:35.744Z] >>> [apiv2][query] POST https://cloudfunctions.googleapis.com/v1/projects/good-bowls-398419/locations/us-central1/functions [none]
[debug] [2024-03-06T19:51:35.744Z] >>> [apiv2][body] POST https://cloudfunctions.googleapis.com/v1/projects/good-bowls-398419/locations/us-central1/functions {"name":"projects/good-bowls-398419/locations/us-central1/functions/translateText","sourceUploadUrl":"https://storage.googleapis.com/uploads-124858029996.us-central1.cloudfunctions.appspot.com/45b2bfc6-07c5-4231-83df-605a4f5d7fda.zip?GoogleAccessId=service-212707961397@gcf-admin-robot.iam.gserviceaccount.com&Expires=1709756492&Signature=J6iqTiL2ZW0Uslkv35RyqAcsXd%2Bdht%2FCGTb7eZjwZoDuljkgBFwbVieDPoMsJGqFZgLnQUIYAyUmw0Z%2Bh7djWSqokwChrE75dagLrTWkEtxiNBahAtT3qdkWbfu4OZok1iYhxQKlMF96q5SQRPF9wum4oFvAPF9MvT4ceF4GjsWDPCvvRaNI2f7bVI25Gz1i7G2zdYiDjpLuyr0LbddDNmd6OwUtrS%2FXV5boGINvEmQHq1JhzR3ZNuEWMbiaSM%2B58yJ9exYuf0yzGKdZs66FkpJWKAkEAzoN6GKgRtZK8dq7fTSg8Tsn586Whn%2BGa6zHQ2HaYfCJmEk1lKTGa8r2YQ%3D%3D","entryPoint":"translateText","runtime":"nodejs18","dockerRegistry":"ARTIFACT_REGISTRY","labels":{"deployment-tool":"cli-firebase","firebase-functions-hash":"be473af54e100772e8667cfb232546c4abddbeda"},"httpsTrigger":{"securityLevel":"SECURE_ALWAYS"},"minInstances":null,"maxInstances":null,"ingressSettings":null,"environmentVariables":{"FIREBASE_CONFIG":"{\"projectId\":\"good-bowls-398419\",\"databaseURL\":\"https://good-bowls-398419-default-rtdb.firebaseio.com\",\"storageBucket\":\"good-bowls-398419.appspot.com\",\"locationId\":\"us-central\"}","GCLOUD_PROJECT":"good-bowls-398419","EVENTARC_CLOUD_EVENT_SOURCE":"projects/good-bowls-398419/locations/us-central1/functions/translateText"},"serviceAccountEmail":null,"availableMemoryMb":null,"timeout":null,"vpcConnector":null,"vpcConnectorEgressSettings":null,"buildEnvironmentVariables":{"GOOGLE_NODE_RUN_SCRIPTS":""}}
[debug] [2024-03-06T19:51:36.291Z] <<< [apiv2][status] POST https://cloudfunctions.googleapis.com/v1/projects/good-bowls-398419/locations/us-central1/functions 200
[debug] [2024-03-06T19:51:36.291Z] <<< [apiv2][body] POST https://cloudfunctions.googleapis.com/v1/projects/good-bowls-398419/locations/us-central1/functions {"name":"operations/Z29vZC1ib3dscy0zOTg0MTkvdXMtY2VudHJhbDEvdHJhbnNsYXRlVGV4dC9VMGpIN1hNeFlNUQ","metadata":{"@type":"type.googleapis.com/google.cloud.functions.v1.OperationMetadataV1","target":"projects/good-bowls-398419/locations/us-central1/functions/translateText","type":"CREATE_FUNCTION","request":{"@type":"type.googleapis.com/google.cloud.functions.v1.CloudFunction","name":"projects/good-bowls-398419/locations/us-central1/functions/translateText","httpsTrigger":{"securityLevel":"SECURE_ALWAYS"},"entryPoint":"translateText","labels":{"deployment-tool":"cli-firebase","firebase-functions-hash":"be473af54e100772e8667cfb232546c4abddbeda"},"sourceUploadUrl":"https://storage.googleapis.com/uploads-124858029996.us-central1.cloudfunctions.appspot.com/45b2bfc6-07c5-4231-83df-605a4f5d7fda.zip?GoogleAccessId=service-212707961397@gcf-admin-robot.iam.gserviceaccount.com&Expires=1709756492&Signature=J6iqTiL2ZW0Uslkv35RyqAcsXd%2Bdht%2FCGTb7eZjwZoDuljkgBFwbVieDPoMsJGqFZgLnQUIYAyUmw0Z%2Bh7djWSqokwChrE75dagLrTWkEtxiNBahAtT3qdkWbfu4OZok1iYhxQKlMF96q5SQRPF9wum4oFvAPF9MvT4ceF4GjsWDPCvvRaNI2f7bVI25Gz1i7G2zdYiDjpLuyr0LbddDNmd6OwUtrS%2FXV5boGINvEmQHq1JhzR3ZNuEWMbiaSM%2B58yJ9exYuf0yzGKdZs66FkpJWKAkEAzoN6GKgRtZK8dq7fTSg8Tsn586Whn%2BGa6zHQ2HaYfCJmEk1lKTGa8r2YQ%3D%3D","environmentVariables":{"FIREBASE_CONFIG":"{\"projectId\":\"good-bowls-398419\",\"databaseURL\":\"https://good-bowls-398419-default-rtdb.firebaseio.com\",\"storageBucket\":\"good-bowls-398419.appspot.com\",\"locationId\":\"us-central\"}","GCLOUD_PROJECT":"good-bowls-398419","EVENTARC_CLOUD_EVENT_SOURCE":"projects/good-bowls-398419/locations/us-central1/functions/translateText"},"runtime":"nodejs18","buildEnvironmentVariables":{"GOOGLE_NODE_RUN_SCRIPTS":""},"dockerRegistry":"ARTIFACT_REGISTRY"},"versionId":"1","updateTime":"2024-03-06T19:51:33Z"}}
[debug] [2024-03-06T19:51:36.293Z] >>> [apiv2][query] GET https://cloudfunctions.googleapis.com/v1/operations/Z29vZC1ib3dscy0zOTg0MTkvdXMtY2VudHJhbDEvdHJhbnNsYXRlVGV4dC9VMGpIN1hNeFlNUQ [none]
[debug] [2024-03-06T19:51:36.570Z] <<< [apiv2][status] GET https://cloudfunctions.googleapis.com/v1/operations/Z29vZC1ib3dscy0zOTg0MTkvdXMtY2VudHJhbDEvdHJhbnNsYXRlVGV4dC9VMGpIN1hNeFlNUQ 200
[debug] [2024-03-06T19:51:36.570Z] <<< [apiv2][body] GET https://cloudfunctions.googleapis.com/v1/operations/Z29vZC1ib3dscy0zOTg0MTkvdXMtY2VudHJhbDEvdHJhbnNsYXRlVGV4dC9VMGpIN1hNeFlNUQ {"name":"operations/Z29vZC1ib3dscy0zOTg0MTkvdXMtY2VudHJhbDEvdHJhbnNsYXRlVGV4dC9VMGpIN1hNeFlNUQ","metadata":{"@type":"type.googleapis.com/google.cloud.functions.v1.OperationMetadataV1","target":"projects/good-bowls-398419/locations/us-central1/functions/translateText","type":"CREATE_FUNCTION","request":{"@type":"type.googleapis.com/google.cloud.functions.v1.CloudFunction","name":"projects/good-bowls-398419/locations/us-central1/functions/translateText","httpsTrigger":{"securityLevel":"SECURE_ALWAYS"},"entryPoint":"translateText","labels":{"deployment-tool":"cli-firebase","firebase-functions-hash":"be473af54e100772e8667cfb232546c4abddbeda"},"sourceUploadUrl":"https://storage.googleapis.com/uploads-124858029996.us-central1.cloudfunctions.appspot.com/45b2bfc6-07c5-4231-83df-605a4f5d7fda.zip?GoogleAccessId=service-212707961397@gcf-admin-robot.iam.gserviceaccount.com&Expires=1709756492&Signature=J6iqTiL2ZW0Uslkv35RyqAcsXd%2Bdht%2FCGTb7eZjwZoDuljkgBFwbVieDPoMsJGqFZgLnQUIYAyUmw0Z%2Bh7djWSqokwChrE75dagLrTWkEtxiNBahAtT3qdkWbfu4OZok1iYhxQKlMF96q5SQRPF9wum4oFvAPF9MvT4ceF4GjsWDPCvvRaNI2f7bVI25Gz1i7G2zdYiDjpLuyr0LbddDNmd6OwUtrS%2FXV5boGINvEmQHq1JhzR3ZNuEWMbiaSM%2B58yJ9exYuf0yzGKdZs66FkpJWKAkEAzoN6GKgRtZK8dq7fTSg8Tsn586Whn%2BGa6zHQ2HaYfCJmEk1lKTGa8r2YQ%3D%3D","environmentVariables":{"FIREBASE_CONFIG":"{\"projectId\":\"good-bowls-398419\",\"databaseURL\":\"https://good-bowls-398419-default-rtdb.firebaseio.com\",\"storageBucket\":\"good-bowls-398419.appspot.com\",\"locationId\":\"us-central\"}","GCLOUD_PROJECT":"good-bowls-398419","EVENTARC_CLOUD_EVENT_SOURCE":"projects/good-bowls-398419/locations/us-central1/functions/translateText"},"runtime":"nodejs18","buildEnvironmentVariables":{"GOOGLE_NODE_RUN_SCRIPTS":""},"dockerRegistry":"ARTIFACT_REGISTRY"},"versionId":"1","updateTime":"2024-03-06T19:51:33Z"}}
[debug] [2024-03-06T19:51:37.073Z] [create-default-us-central1-translateText] Retrying task index 0
[debug] [2024-03-06T19:51:37.074Z] >>> [apiv2][query] GET https://cloudfunctions.googleapis.com/v1/operations/Z29vZC1ib3dscy0zOTg0MTkvdXMtY2VudHJhbDEvdHJhbnNsYXRlVGV4dC9VMGpIN1hNeFlNUQ [none]
[debug] [2024-03-06T19:51:37.275Z] <<< [apiv2][status] GET https://cloudfunctions.googleapis.com/v1/operations/Z29vZC1ib3dscy0zOTg0MTkvdXMtY2VudHJhbDEvdHJhbnNsYXRlVGV4dC9VMGpIN1hNeFlNUQ 200
[debug] [2024-03-06T19:51:37.275Z] <<< [apiv2][body] GET https://cloudfunctions.googleapis.com/v1/operations/Z29vZC1ib3dscy0zOTg0MTkvdXMtY2VudHJhbDEvdHJhbnNsYXRlVGV4dC9VMGpIN1hNeFlNUQ {"name":"operations/Z29vZC1ib3dscy0zOTg0MTkvdXMtY2VudHJhbDEvdHJhbnNsYXRlVGV4dC9VMGpIN1hNeFlNUQ","metadata":{"@type":"type.googleapis.com/google.cloud.functions.v1.OperationMetadataV1","target":"projects/good-bowls-398419/locations/us-central1/functions/translateText","type":"CREATE_FUNCTION","request":{"@type":"type.googleapis.com/google.cloud.functions.v1.CloudFunction","name":"projects/good-bowls-398419/locations/us-central1/functions/translateText","httpsTrigger":{"securityLevel":"SECURE_ALWAYS"},"entryPoint":"translateText","labels":{"deployment-tool":"cli-firebase","firebase-functions-hash":"be473af54e100772e8667cfb232546c4abddbeda"},"sourceUploadUrl":"https://storage.googleapis.com/uploads-124858029996.us-central1.cloudfunctions.appspot.com/45b2bfc6-07c5-4231-83df-605a4f5d7fda.zip?GoogleAccessId=service-212707961397@gcf-admin-robot.iam.gserviceaccount.com&Expires=1709756492&Signature=J6iqTiL2ZW0Uslkv35RyqAcsXd%2Bdht%2FCGTb7eZjwZoDuljkgBFwbVieDPoMsJGqFZgLnQUIYAyUmw0Z%2Bh7djWSqokwChrE75dagLrTWkEtxiNBahAtT3qdkWbfu4OZok1iYhxQKlMF96q5SQRPF9wum4oFvAPF9MvT4ceF4GjsWDPCvvRaNI2f7bVI25Gz1i7G2zdYiDjpLuyr0LbddDNmd6OwUtrS%2FXV5boGINvEmQHq1JhzR3ZNuEWMbiaSM%2B58yJ9exYuf0yzGKdZs66FkpJWKAkEAzoN6GKgRtZK8dq7fTSg8Tsn586Whn%2BGa6zHQ2HaYfCJmEk1lKTGa8r2YQ%3D%3D","environmentVariables":{"FIREBASE_CONFIG":"{\"projectId\":\"good-bowls-398419\",\"databaseURL\":\"https://good-bowls-398419-default-rtdb.firebaseio.com\",\"storageBucket\":\"good-bowls-398419.appspot.com\",\"locationId\":\"us-central\"}","GCLOUD_PROJECT":"good-bowls-398419","EVENTARC_CLOUD_EVENT_SOURCE":"projects/good-bowls-398419/locations/us-central1/functions/translateText"},"runtime":"nodejs18","buildEnvironmentVariables":{"GOOGLE_NODE_RUN_SCRIPTS":""},"dockerRegistry":"ARTIFACT_REGISTRY"},"versionId":"1","updateTime":"2024-03-06T19:51:33Z"}}
[debug] [2024-03-06T19:51:38.276Z] [create-default-us-central1-translateText] Retrying task index 0
[debug] [2024-03-06T19:51:38.276Z] >>> [apiv2][query] GET https://cloudfunctions.googleapis.com/v1/operations/Z29vZC1ib3dscy0zOTg0MTkvdXMtY2VudHJhbDEvdHJhbnNsYXRlVGV4dC9VMGpIN1hNeFlNUQ [none]
[debug] [2024-03-06T19:51:38.544Z] <<< [apiv2][status] GET https://cloudfunctions.googleapis.com/v1/operations/Z29vZC1ib3dscy0zOTg0MTkvdXMtY2VudHJhbDEvdHJhbnNsYXRlVGV4dC9VMGpIN1hNeFlNUQ 200
[debug] [2024-03-06T19:51:38.545Z] <<< [apiv2][body] GET https://cloudfunctions.googleapis.com/v1/operations/Z29vZC1ib3dscy0zOTg0MTkvdXMtY2VudHJhbDEvdHJhbnNsYXRlVGV4dC9VMGpIN1hNeFlNUQ {"name":"operations/Z29vZC1ib3dscy0zOTg0MTkvdXMtY2VudHJhbDEvdHJhbnNsYXRlVGV4dC9VMGpIN1hNeFlNUQ","metadata":{"@type":"type.googleapis.com/google.cloud.functions.v1.OperationMetadataV1","target":"projects/good-bowls-398419/locations/us-central1/functions/translateText","type":"CREATE_FUNCTION","request":{"@type":"type.googleapis.com/google.cloud.functions.v1.CloudFunction","name":"projects/good-bowls-398419/locations/us-central1/functions/translateText","httpsTrigger":{"securityLevel":"SECURE_ALWAYS"},"entryPoint":"translateText","labels":{"deployment-tool":"cli-firebase","firebase-functions-hash":"be473af54e100772e8667cfb232546c4abddbeda"},"sourceUploadUrl":"https://storage.googleapis.com/uploads-124858029996.us-central1.cloudfunctions.appspot.com/45b2bfc6-07c5-4231-83df-605a4f5d7fda.zip?GoogleAccessId=service-212707961397@gcf-admin-robot.iam.gserviceaccount.com&Expires=1709756492&Signature=J6iqTiL2ZW0Uslkv35RyqAcsXd%2Bdht%2FCGTb7eZjwZoDuljkgBFwbVieDPoMsJGqFZgLnQUIYAyUmw0Z%2Bh7djWSqokwChrE75dagLrTWkEtxiNBahAtT3qdkWbfu4OZok1iYhxQKlMF96q5SQRPF9wum4oFvAPF9MvT4ceF4GjsWDPCvvRaNI2f7bVI25Gz1i7G2zdYiDjpLuyr0LbddDNmd6OwUtrS%2FXV5boGINvEmQHq1JhzR3ZNuEWMbiaSM%2B58yJ9exYuf0yzGKdZs66FkpJWKAkEAzoN6GKgRtZK8dq7fTSg8Tsn586Whn%2BGa6zHQ2HaYfCJmEk1lKTGa8r2YQ%3D%3D","environmentVariables":{"FIREBASE_CONFIG":"{\"projectId\":\"good-bowls-398419\",\"databaseURL\":\"https://good-bowls-398419-default-rtdb.firebaseio.com\",\"storageBucket\":\"good-bowls-398419.appspot.com\",\"locationId\":\"us-central\"}","GCLOUD_PROJECT":"good-bowls-398419","EVENTARC_CLOUD_EVENT_SOURCE":"projects/good-bowls-398419/locations/us-central1/functions/translateText"},"runtime":"nodejs18","buildEnvironmentVariables":{"GOOGLE_NODE_RUN_SCRIPTS":""},"dockerRegistry":"ARTIFACT_REGISTRY"},"versionId":"1","updateTime":"2024-03-06T19:51:33Z","buildId":"5a8449cd-52e6-473d-991b-b2a2bba3c3cf","buildName":"projects/212707961397/locations/us-central1/builds/5a8449cd-52e6-473d-991b-b2a2bba3c3cf"}}
[debug] [2024-03-06T19:51:40.546Z] [create-default-us-central1-translateText] Retrying task index 0
[debug] [2024-03-06T19:51:40.547Z] >>> [apiv2][query] GET https://cloudfunctions.googleapis.com/v1/operations/Z29vZC1ib3dscy0zOTg0MTkvdXMtY2VudHJhbDEvdHJhbnNsYXRlVGV4dC9VMGpIN1hNeFlNUQ [none]
[debug] [2024-03-06T19:51:40.689Z] <<< [apiv2][status] GET https://cloudfunctions.googleapis.com/v1/operations/Z29vZC1ib3dscy0zOTg0MTkvdXMtY2VudHJhbDEvdHJhbnNsYXRlVGV4dC9VMGpIN1hNeFlNUQ 200
[debug] [2024-03-06T19:51:40.689Z] <<< [apiv2][body] GET https://cloudfunctions.googleapis.com/v1/operations/Z29vZC1ib3dscy0zOTg0MTkvdXMtY2VudHJhbDEvdHJhbnNsYXRlVGV4dC9VMGpIN1hNeFlNUQ {"name":"operations/Z29vZC1ib3dscy0zOTg0MTkvdXMtY2VudHJhbDEvdHJhbnNsYXRlVGV4dC9VMGpIN1hNeFlNUQ","metadata":{"@type":"type.googleapis.com/google.cloud.functions.v1.OperationMetadataV1","target":"projects/good-bowls-398419/locations/us-central1/functions/translateText","type":"CREATE_FUNCTION","request":{"@type":"type.googleapis.com/google.cloud.functions.v1.CloudFunction","name":"projects/good-bowls-398419/locations/us-central1/functions/translateText","httpsTrigger":{"securityLevel":"SECURE_ALWAYS"},"entryPoint":"translateText","labels":{"deployment-tool":"cli-firebase","firebase-functions-hash":"be473af54e100772e8667cfb232546c4abddbeda"},"sourceUploadUrl":"https://storage.googleapis.com/uploads-124858029996.us-central1.cloudfunctions.appspot.com/45b2bfc6-07c5-4231-83df-605a4f5d7fda.zip?GoogleAccessId=service-212707961397@gcf-admin-robot.iam.gserviceaccount.com&Expires=1709756492&Signature=J6iqTiL2ZW0Uslkv35RyqAcsXd%2Bdht%2FCGTb7eZjwZoDuljkgBFwbVieDPoMsJGqFZgLnQUIYAyUmw0Z%2Bh7djWSqokwChrE75dagLrTWkEtxiNBahAtT3qdkWbfu4OZok1iYhxQKlMF96q5SQRPF9wum4oFvAPF9MvT4ceF4GjsWDPCvvRaNI2f7bVI25Gz1i7G2zdYiDjpLuyr0LbddDNmd6OwUtrS%2FXV5boGINvEmQHq1JhzR3ZNuEWMbiaSM%2B58yJ9exYuf0yzGKdZs66FkpJWKAkEAzoN6GKgRtZK8dq7fTSg8Tsn586Whn%2BGa6zHQ2HaYfCJmEk1lKTGa8r2YQ%3D%3D","environmentVariables":{"FIREBASE_CONFIG":"{\"projectId\":\"good-bowls-398419\",\"databaseURL\":\"https://good-bowls-398419-default-rtdb.firebaseio.com\",\"storageBucket\":\"good-bowls-398419.appspot.com\",\"locationId\":\"us-central\"}","GCLOUD_PROJECT":"good-bowls-398419","EVENTARC_CLOUD_EVENT_SOURCE":"projects/good-bowls-398419/locations/us-central1/functions/translateText"},"runtime":"nodejs18","buildEnvironmentVariables":{"GOOGLE_NODE_RUN_SCRIPTS":""},"dockerRegistry":"ARTIFACT_REGISTRY"},"versionId":"1","updateTime":"2024-03-06T19:51:33Z","buildId":"5a8449cd-52e6-473d-991b-b2a2bba3c3cf","buildName":"projects/212707961397/locations/us-central1/builds/5a8449cd-52e6-473d-991b-b2a2bba3c3cf"}}
[debug] [2024-03-06T19:51:44.689Z] [create-default-us-central1-translateText] Retrying task index 0
[debug] [2024-03-06T19:51:44.690Z] >>> [apiv2][query] GET https://cloudfunctions.googleapis.com/v1/operations/Z29vZC1ib3dscy0zOTg0MTkvdXMtY2VudHJhbDEvdHJhbnNsYXRlVGV4dC9VMGpIN1hNeFlNUQ [none]
[debug] [2024-03-06T19:51:44.921Z] <<< [apiv2][status] GET https://cloudfunctions.googleapis.com/v1/operations/Z29vZC1ib3dscy0zOTg0MTkvdXMtY2VudHJhbDEvdHJhbnNsYXRlVGV4dC9VMGpIN1hNeFlNUQ 200
[debug] [2024-03-06T19:51:44.922Z] <<< [apiv2][body] GET https://cloudfunctions.googleapis.com/v1/operations/Z29vZC1ib3dscy0zOTg0MTkvdXMtY2VudHJhbDEvdHJhbnNsYXRlVGV4dC9VMGpIN1hNeFlNUQ {"name":"operations/Z29vZC1ib3dscy0zOTg0MTkvdXMtY2VudHJhbDEvdHJhbnNsYXRlVGV4dC9VMGpIN1hNeFlNUQ","metadata":{"@type":"type.googleapis.com/google.cloud.functions.v1.OperationMetadataV1","target":"projects/good-bowls-398419/locations/us-central1/functions/translateText","type":"CREATE_FUNCTION","request":{"@type":"type.googleapis.com/google.cloud.functions.v1.CloudFunction","name":"projects/good-bowls-398419/locations/us-central1/functions/translateText","httpsTrigger":{"securityLevel":"SECURE_ALWAYS"},"entryPoint":"translateText","labels":{"deployment-tool":"cli-firebase","firebase-functions-hash":"be473af54e100772e8667cfb232546c4abddbeda"},"sourceUploadUrl":"https://storage.googleapis.com/uploads-124858029996.us-central1.cloudfunctions.appspot.com/45b2bfc6-07c5-4231-83df-605a4f5d7fda.zip?GoogleAccessId=service-212707961397@gcf-admin-robot.iam.gserviceaccount.com&Expires=1709756492&Signature=J6iqTiL2ZW0Uslkv35RyqAcsXd%2Bdht%2FCGTb7eZjwZoDuljkgBFwbVieDPoMsJGqFZgLnQUIYAyUmw0Z%2Bh7djWSqokwChrE75dagLrTWkEtxiNBahAtT3qdkWbfu4OZok1iYhxQKlMF96q5SQRPF9wum4oFvAPF9MvT4ceF4GjsWDPCvvRaNI2f7bVI25Gz1i7G2zdYiDjpLuyr0LbddDNmd6OwUtrS%2FXV5boGINvEmQHq1JhzR3ZNuEWMbiaSM%2B58yJ9exYuf0yzGKdZs66FkpJWKAkEAzoN6GKgRtZK8dq7fTSg8Tsn586Whn%2BGa6zHQ2HaYfCJmEk1lKTGa8r2YQ%3D%3D","environmentVariables":{"FIREBASE_CONFIG":"{\"projectId\":\"good-bowls-398419\",\"databaseURL\":\"https://good-bowls-398419-default-rtdb.firebaseio.com\",\"storageBucket\":\"good-bowls-398419.appspot.com\",\"locationId\":\"us-central\"}","GCLOUD_PROJECT":"good-bowls-398419","EVENTARC_CLOUD_EVENT_SOURCE":"projects/good-bowls-398419/locations/us-central1/functions/translateText"},"runtime":"nodejs18","buildEnvironmentVariables":{"GOOGLE_NODE_RUN_SCRIPTS":""},"dockerRegistry":"ARTIFACT_REGISTRY"},"versionId":"1","updateTime":"2024-03-06T19:51:33Z","buildId":"5a8449cd-52e6-473d-991b-b2a2bba3c3cf","buildName":"projects/212707961397/locations/us-central1/builds/5a8449cd-52e6-473d-991b-b2a2bba3c3cf"}}
[debug] [2024-03-06T19:51:52.924Z] [create-default-us-central1-translateText] Retrying task index 0
[debug] [2024-03-06T19:51:52.925Z] >>> [apiv2][query] GET https://cloudfunctions.googleapis.com/v1/operations/Z29vZC1ib3dscy0zOTg0MTkvdXMtY2VudHJhbDEvdHJhbnNsYXRlVGV4dC9VMGpIN1hNeFlNUQ [none]
[debug] [2024-03-06T19:51:53.224Z] <<< [apiv2][status] GET https://cloudfunctions.googleapis.com/v1/operations/Z29vZC1ib3dscy0zOTg0MTkvdXMtY2VudHJhbDEvdHJhbnNsYXRlVGV4dC9VMGpIN1hNeFlNUQ 200
[debug] [2024-03-06T19:51:53.224Z] <<< [apiv2][body] GET https://cloudfunctions.googleapis.com/v1/operations/Z29vZC1ib3dscy0zOTg0MTkvdXMtY2VudHJhbDEvdHJhbnNsYXRlVGV4dC9VMGpIN1hNeFlNUQ {"name":"operations/Z29vZC1ib3dscy0zOTg0MTkvdXMtY2VudHJhbDEvdHJhbnNsYXRlVGV4dC9VMGpIN1hNeFlNUQ","metadata":{"@type":"type.googleapis.com/google.cloud.functions.v1.OperationMetadataV1","target":"projects/good-bowls-398419/locations/us-central1/functions/translateText","type":"CREATE_FUNCTION","request":{"@type":"type.googleapis.com/google.cloud.functions.v1.CloudFunction","name":"projects/good-bowls-398419/locations/us-central1/functions/translateText","httpsTrigger":{"securityLevel":"SECURE_ALWAYS"},"entryPoint":"translateText","labels":{"deployment-tool":"cli-firebase","firebase-functions-hash":"be473af54e100772e8667cfb232546c4abddbeda"},"sourceUploadUrl":"https://storage.googleapis.com/uploads-124858029996.us-central1.cloudfunctions.appspot.com/45b2bfc6-07c5-4231-83df-605a4f5d7fda.zip?GoogleAccessId=service-212707961397@gcf-admin-robot.iam.gserviceaccount.com&Expires=1709756492&Signature=J6iqTiL2ZW0Uslkv35RyqAcsXd%2Bdht%2FCGTb7eZjwZoDuljkgBFwbVieDPoMsJGqFZgLnQUIYAyUmw0Z%2Bh7djWSqokwChrE75dagLrTWkEtxiNBahAtT3qdkWbfu4OZok1iYhxQKlMF96q5SQRPF9wum4oFvAPF9MvT4ceF4GjsWDPCvvRaNI2f7bVI25Gz1i7G2zdYiDjpLuyr0LbddDNmd6OwUtrS%2FXV5boGINvEmQHq1JhzR3ZNuEWMbiaSM%2B58yJ9exYuf0yzGKdZs66FkpJWKAkEAzoN6GKgRtZK8dq7fTSg8Tsn586Whn%2BGa6zHQ2HaYfCJmEk1lKTGa8r2YQ%3D%3D","environmentVariables":{"FIREBASE_CONFIG":"{\"projectId\":\"good-bowls-398419\",\"databaseURL\":\"https://good-bowls-398419-default-rtdb.firebaseio.com\",\"storageBucket\":\"good-bowls-398419.appspot.com\",\"locationId\":\"us-central\"}","GCLOUD_PROJECT":"good-bowls-398419","EVENTARC_CLOUD_EVENT_SOURCE":"projects/good-bowls-398419/locations/us-central1/functions/translateText"},"runtime":"nodejs18","buildEnvironmentVariables":{"GOOGLE_NODE_RUN_SCRIPTS":""},"dockerRegistry":"ARTIFACT_REGISTRY"},"versionId":"1","updateTime":"2024-03-06T19:51:33Z","buildId":"5a8449cd-52e6-473d-991b-b2a2bba3c3cf","buildName":"projects/212707961397/locations/us-central1/builds/5a8449cd-52e6-473d-991b-b2a2bba3c3cf"}}
[debug] [2024-03-06T19:52:03.226Z] [create-default-us-central1-translateText] Retrying task index 0
[debug] [2024-03-06T19:52:03.227Z] >>> [apiv2][query] GET https://cloudfunctions.googleapis.com/v1/operations/Z29vZC1ib3dscy0zOTg0MTkvdXMtY2VudHJhbDEvdHJhbnNsYXRlVGV4dC9VMGpIN1hNeFlNUQ [none]
[debug] [2024-03-06T19:52:03.702Z] <<< [apiv2][status] GET https://cloudfunctions.googleapis.com/v1/operations/Z29vZC1ib3dscy0zOTg0MTkvdXMtY2VudHJhbDEvdHJhbnNsYXRlVGV4dC9VMGpIN1hNeFlNUQ 200
[debug] [2024-03-06T19:52:03.703Z] <<< [apiv2][body] GET https://cloudfunctions.googleapis.com/v1/operations/Z29vZC1ib3dscy0zOTg0MTkvdXMtY2VudHJhbDEvdHJhbnNsYXRlVGV4dC9VMGpIN1hNeFlNUQ {"name":"operations/Z29vZC1ib3dscy0zOTg0MTkvdXMtY2VudHJhbDEvdHJhbnNsYXRlVGV4dC9VMGpIN1hNeFlNUQ","metadata":{"@type":"type.googleapis.com/google.cloud.functions.v1.OperationMetadataV1","target":"projects/good-bowls-398419/locations/us-central1/functions/translateText","type":"CREATE_FUNCTION","request":{"@type":"type.googleapis.com/google.cloud.functions.v1.CloudFunction","name":"projects/good-bowls-398419/locations/us-central1/functions/translateText","httpsTrigger":{"securityLevel":"SECURE_ALWAYS"},"entryPoint":"translateText","labels":{"deployment-tool":"cli-firebase","firebase-functions-hash":"be473af54e100772e8667cfb232546c4abddbeda"},"sourceUploadUrl":"https://storage.googleapis.com/uploads-124858029996.us-central1.cloudfunctions.appspot.com/45b2bfc6-07c5-4231-83df-605a4f5d7fda.zip?GoogleAccessId=service-212707961397@gcf-admin-robot.iam.gserviceaccount.com&Expires=1709756492&Signature=J6iqTiL2ZW0Uslkv35RyqAcsXd%2Bdht%2FCGTb7eZjwZoDuljkgBFwbVieDPoMsJGqFZgLnQUIYAyUmw0Z%2Bh7djWSqokwChrE75dagLrTWkEtxiNBahAtT3qdkWbfu4OZok1iYhxQKlMF96q5SQRPF9wum4oFvAPF9MvT4ceF4GjsWDPCvvRaNI2f7bVI25Gz1i7G2zdYiDjpLuyr0LbddDNmd6OwUtrS%2FXV5boGINvEmQHq1JhzR3ZNuEWMbiaSM%2B58yJ9exYuf0yzGKdZs66FkpJWKAkEAzoN6GKgRtZK8dq7fTSg8Tsn586Whn%2BGa6zHQ2HaYfCJmEk1lKTGa8r2YQ%3D%3D","environmentVariables":{"FIREBASE_CONFIG":"{\"projectId\":\"good-bowls-398419\",\"databaseURL\":\"https://good-bowls-398419-default-rtdb.firebaseio.com\",\"storageBucket\":\"good-bowls-398419.appspot.com\",\"locationId\":\"us-central\"}","GCLOUD_PROJECT":"good-bowls-398419","EVENTARC_CLOUD_EVENT_SOURCE":"projects/good-bowls-398419/locations/us-central1/functions/translateText"},"runtime":"nodejs18","buildEnvironmentVariables":{"GOOGLE_NODE_RUN_SCRIPTS":""},"dockerRegistry":"ARTIFACT_REGISTRY"},"versionId":"1","updateTime":"2024-03-06T19:51:33Z","buildId":"5a8449cd-52e6-473d-991b-b2a2bba3c3cf","buildName":"projects/212707961397/locations/us-central1/builds/5a8449cd-52e6-473d-991b-b2a2bba3c3cf"}}
[debug] [2024-03-06T19:52:13.703Z] [create-default-us-central1-translateText] Retrying task index 0
[debug] [2024-03-06T19:52:13.704Z] >>> [apiv2][query] GET https://cloudfunctions.googleapis.com/v1/operations/Z29vZC1ib3dscy0zOTg0MTkvdXMtY2VudHJhbDEvdHJhbnNsYXRlVGV4dC9VMGpIN1hNeFlNUQ [none]
[debug] [2024-03-06T19:52:14.002Z] <<< [apiv2][status] GET https://cloudfunctions.googleapis.com/v1/operations/Z29vZC1ib3dscy0zOTg0MTkvdXMtY2VudHJhbDEvdHJhbnNsYXRlVGV4dC9VMGpIN1hNeFlNUQ 200
[debug] [2024-03-06T19:52:14.002Z] <<< [apiv2][body] GET https://cloudfunctions.googleapis.com/v1/operations/Z29vZC1ib3dscy0zOTg0MTkvdXMtY2VudHJhbDEvdHJhbnNsYXRlVGV4dC9VMGpIN1hNeFlNUQ {"name":"operations/Z29vZC1ib3dscy0zOTg0MTkvdXMtY2VudHJhbDEvdHJhbnNsYXRlVGV4dC9VMGpIN1hNeFlNUQ","metadata":{"@type":"type.googleapis.com/google.cloud.functions.v1.OperationMetadataV1","target":"projects/good-bowls-398419/locations/us-central1/functions/translateText","type":"CREATE_FUNCTION","request":{"@type":"type.googleapis.com/google.cloud.functions.v1.CloudFunction","name":"projects/good-bowls-398419/locations/us-central1/functions/translateText","httpsTrigger":{"securityLevel":"SECURE_ALWAYS"},"entryPoint":"translateText","labels":{"deployment-tool":"cli-firebase","firebase-functions-hash":"be473af54e100772e8667cfb232546c4abddbeda"},"sourceUploadUrl":"https://storage.googleapis.com/uploads-124858029996.us-central1.cloudfunctions.appspot.com/45b2bfc6-07c5-4231-83df-605a4f5d7fda.zip?GoogleAccessId=service-212707961397@gcf-admin-robot.iam.gserviceaccount.com&Expires=1709756492&Signature=J6iqTiL2ZW0Uslkv35RyqAcsXd%2Bdht%2FCGTb7eZjwZoDuljkgBFwbVieDPoMsJGqFZgLnQUIYAyUmw0Z%2Bh7djWSqokwChrE75dagLrTWkEtxiNBahAtT3qdkWbfu4OZok1iYhxQKlMF96q5SQRPF9wum4oFvAPF9MvT4ceF4GjsWDPCvvRaNI2f7bVI25Gz1i7G2zdYiDjpLuyr0LbddDNmd6OwUtrS%2FXV5boGINvEmQHq1JhzR3ZNuEWMbiaSM%2B58yJ9exYuf0yzGKdZs66FkpJWKAkEAzoN6GKgRtZK8dq7fTSg8Tsn586Whn%2BGa6zHQ2HaYfCJmEk1lKTGa8r2YQ%3D%3D","environmentVariables":{"FIREBASE_CONFIG":"{\"projectId\":\"good-bowls-398419\",\"databaseURL\":\"https://good-bowls-398419-default-rtdb.firebaseio.com\",\"storageBucket\":\"good-bowls-398419.appspot.com\",\"locationId\":\"us-central\"}","GCLOUD_PROJECT":"good-bowls-398419","EVENTARC_CLOUD_EVENT_SOURCE":"projects/good-bowls-398419/locations/us-central1/functions/translateText"},"runtime":"nodejs18","buildEnvironmentVariables":{"GOOGLE_NODE_RUN_SCRIPTS":""},"dockerRegistry":"ARTIFACT_REGISTRY"},"versionId":"1","updateTime":"2024-03-06T19:51:33Z","buildId":"5a8449cd-52e6-473d-991b-b2a2bba3c3cf","buildName":"projects/212707961397/locations/us-central1/builds/5a8449cd-52e6-473d-991b-b2a2bba3c3cf"}}
[debug] [2024-03-06T19:52:24.003Z] [create-default-us-central1-translateText] Retrying task index 0
[debug] [2024-03-06T19:52:24.004Z] >>> [apiv2][query] GET https://cloudfunctions.googleapis.com/v1/operations/Z29vZC1ib3dscy0zOTg0MTkvdXMtY2VudHJhbDEvdHJhbnNsYXRlVGV4dC9VMGpIN1hNeFlNUQ [none]
[debug] [2024-03-06T19:52:24.460Z] <<< [apiv2][status] GET https://cloudfunctions.googleapis.com/v1/operations/Z29vZC1ib3dscy0zOTg0MTkvdXMtY2VudHJhbDEvdHJhbnNsYXRlVGV4dC9VMGpIN1hNeFlNUQ 200
[debug] [2024-03-06T19:52:24.460Z] <<< [apiv2][body] GET https://cloudfunctions.googleapis.com/v1/operations/Z29vZC1ib3dscy0zOTg0MTkvdXMtY2VudHJhbDEvdHJhbnNsYXRlVGV4dC9VMGpIN1hNeFlNUQ {"name":"operations/Z29vZC1ib3dscy0zOTg0MTkvdXMtY2VudHJhbDEvdHJhbnNsYXRlVGV4dC9VMGpIN1hNeFlNUQ","metadata":{"@type":"type.googleapis.com/google.cloud.functions.v1.OperationMetadataV1","target":"projects/good-bowls-398419/locations/us-central1/functions/translateText","type":"CREATE_FUNCTION","request":{"@type":"type.googleapis.com/google.cloud.functions.v1.CloudFunction","name":"projects/good-bowls-398419/locations/us-central1/functions/translateText","httpsTrigger":{"securityLevel":"SECURE_ALWAYS"},"entryPoint":"translateText","labels":{"deployment-tool":"cli-firebase","firebase-functions-hash":"be473af54e100772e8667cfb232546c4abddbeda"},"sourceUploadUrl":"https://storage.googleapis.com/uploads-124858029996.us-central1.cloudfunctions.appspot.com/45b2bfc6-07c5-4231-83df-605a4f5d7fda.zip?GoogleAccessId=service-212707961397@gcf-admin-robot.iam.gserviceaccount.com&Expires=1709756492&Signature=J6iqTiL2ZW0Uslkv35RyqAcsXd%2Bdht%2FCGTb7eZjwZoDuljkgBFwbVieDPoMsJGqFZgLnQUIYAyUmw0Z%2Bh7djWSqokwChrE75dagLrTWkEtxiNBahAtT3qdkWbfu4OZok1iYhxQKlMF96q5SQRPF9wum4oFvAPF9MvT4ceF4GjsWDPCvvRaNI2f7bVI25Gz1i7G2zdYiDjpLuyr0LbddDNmd6OwUtrS%2FXV5boGINvEmQHq1JhzR3ZNuEWMbiaSM%2B58yJ9exYuf0yzGKdZs66FkpJWKAkEAzoN6GKgRtZK8dq7fTSg8Tsn586Whn%2BGa6zHQ2HaYfCJmEk1lKTGa8r2YQ%3D%3D","environmentVariables":{"FIREBASE_CONFIG":"{\"projectId\":\"good-bowls-398419\",\"databaseURL\":\"https://good-bowls-398419-default-rtdb.firebaseio.com\",\"storageBucket\":\"good-bowls-398419.appspot.com\",\"locationId\":\"us-central\"}","GCLOUD_PROJECT":"good-bowls-398419","EVENTARC_CLOUD_EVENT_SOURCE":"projects/good-bowls-398419/locations/us-central1/functions/translateText"},"runtime":"nodejs18","buildEnvironmentVariables":{"GOOGLE_NODE_RUN_SCRIPTS":""},"dockerRegistry":"ARTIFACT_REGISTRY"},"versionId":"1","updateTime":"2024-03-06T19:51:33Z","buildId":"5a8449cd-52e6-473d-991b-b2a2bba3c3cf","buildName":"projects/212707961397/locations/us-central1/builds/5a8449cd-52e6-473d-991b-b2a2bba3c3cf"}}
[debug] [2024-03-06T19:52:34.462Z] [create-default-us-central1-translateText] Retrying task index 0
[debug] [2024-03-06T19:52:34.463Z] >>> [apiv2][query] GET https://cloudfunctions.googleapis.com/v1/operations/Z29vZC1ib3dscy0zOTg0MTkvdXMtY2VudHJhbDEvdHJhbnNsYXRlVGV4dC9VMGpIN1hNeFlNUQ [none]
[debug] [2024-03-06T19:52:34.786Z] <<< [apiv2][status] GET https://cloudfunctions.googleapis.com/v1/operations/Z29vZC1ib3dscy0zOTg0MTkvdXMtY2VudHJhbDEvdHJhbnNsYXRlVGV4dC9VMGpIN1hNeFlNUQ 200
[debug] [2024-03-06T19:52:34.786Z] <<< [apiv2][body] GET https://cloudfunctions.googleapis.com/v1/operations/Z29vZC1ib3dscy0zOTg0MTkvdXMtY2VudHJhbDEvdHJhbnNsYXRlVGV4dC9VMGpIN1hNeFlNUQ {"name":"operations/Z29vZC1ib3dscy0zOTg0MTkvdXMtY2VudHJhbDEvdHJhbnNsYXRlVGV4dC9VMGpIN1hNeFlNUQ","metadata":{"@type":"type.googleapis.com/google.cloud.functions.v1.OperationMetadataV1","target":"projects/good-bowls-398419/locations/us-central1/functions/translateText","type":"CREATE_FUNCTION","request":{"@type":"type.googleapis.com/google.cloud.functions.v1.CloudFunction","name":"projects/good-bowls-398419/locations/us-central1/functions/translateText","httpsTrigger":{"securityLevel":"SECURE_ALWAYS"},"entryPoint":"translateText","labels":{"deployment-tool":"cli-firebase","firebase-functions-hash":"be473af54e100772e8667cfb232546c4abddbeda"},"sourceUploadUrl":"https://storage.googleapis.com/uploads-124858029996.us-central1.cloudfunctions.appspot.com/45b2bfc6-07c5-4231-83df-605a4f5d7fda.zip?GoogleAccessId=service-212707961397@gcf-admin-robot.iam.gserviceaccount.com&Expires=1709756492&Signature=J6iqTiL2ZW0Uslkv35RyqAcsXd%2Bdht%2FCGTb7eZjwZoDuljkgBFwbVieDPoMsJGqFZgLnQUIYAyUmw0Z%2Bh7djWSqokwChrE75dagLrTWkEtxiNBahAtT3qdkWbfu4OZok1iYhxQKlMF96q5SQRPF9wum4oFvAPF9MvT4ceF4GjsWDPCvvRaNI2f7bVI25Gz1i7G2zdYiDjpLuyr0LbddDNmd6OwUtrS%2FXV5boGINvEmQHq1JhzR3ZNuEWMbiaSM%2B58yJ9exYuf0yzGKdZs66FkpJWKAkEAzoN6GKgRtZK8dq7fTSg8Tsn586Whn%2BGa6zHQ2HaYfCJmEk1lKTGa8r2YQ%3D%3D","environmentVariables":{"FIREBASE_CONFIG":"{\"projectId\":\"good-bowls-398419\",\"databaseURL\":\"https://good-bowls-398419-default-rtdb.firebaseio.com\",\"storageBucket\":\"good-bowls-398419.appspot.com\",\"locationId\":\"us-central\"}","GCLOUD_PROJECT":"good-bowls-398419","EVENTARC_CLOUD_EVENT_SOURCE":"projects/good-bowls-398419/locations/us-central1/functions/translateText"},"runtime":"nodejs18","buildEnvironmentVariables":{"GOOGLE_NODE_RUN_SCRIPTS":""},"dockerRegistry":"ARTIFACT_REGISTRY"},"versionId":"1","updateTime":"2024-03-06T19:51:33Z","buildId":"5a8449cd-52e6-473d-991b-b2a2bba3c3cf","sourceToken":"987c7d8d-4591-4d6c-8235-ebe266c147f1","buildName":"projects/212707961397/locations/us-central1/builds/5a8449cd-52e6-473d-991b-b2a2bba3c3cf"}}
[debug] [2024-03-06T19:52:34.786Z] Got source token 987c7d8d-4591-4d6c-8235-ebe266c147f1 for region us-central1
[debug] [2024-03-06T19:52:44.788Z] [create-default-us-central1-translateText] Retrying task index 0
[debug] [2024-03-06T19:52:44.789Z] >>> [apiv2][query] GET https://cloudfunctions.googleapis.com/v1/operations/Z29vZC1ib3dscy0zOTg0MTkvdXMtY2VudHJhbDEvdHJhbnNsYXRlVGV4dC9VMGpIN1hNeFlNUQ [none]
[debug] [2024-03-06T19:52:45.287Z] <<< [apiv2][status] GET https://cloudfunctions.googleapis.com/v1/operations/Z29vZC1ib3dscy0zOTg0MTkvdXMtY2VudHJhbDEvdHJhbnNsYXRlVGV4dC9VMGpIN1hNeFlNUQ 200
[debug] [2024-03-06T19:52:45.288Z] <<< [apiv2][body] GET https://cloudfunctions.googleapis.com/v1/operations/Z29vZC1ib3dscy0zOTg0MTkvdXMtY2VudHJhbDEvdHJhbnNsYXRlVGV4dC9VMGpIN1hNeFlNUQ {"name":"operations/Z29vZC1ib3dscy0zOTg0MTkvdXMtY2VudHJhbDEvdHJhbnNsYXRlVGV4dC9VMGpIN1hNeFlNUQ","metadata":{"@type":"type.googleapis.com/google.cloud.functions.v1.OperationMetadataV1","target":"projects/good-bowls-398419/locations/us-central1/functions/translateText","type":"CREATE_FUNCTION","request":{"@type":"type.googleapis.com/google.cloud.functions.v1.CloudFunction","name":"projects/good-bowls-398419/locations/us-central1/functions/translateText","httpsTrigger":{"securityLevel":"SECURE_ALWAYS"},"entryPoint":"translateText","labels":{"deployment-tool":"cli-firebase","firebase-functions-hash":"be473af54e100772e8667cfb232546c4abddbeda"},"sourceUploadUrl":"https://storage.googleapis.com/uploads-124858029996.us-central1.cloudfunctions.appspot.com/45b2bfc6-07c5-4231-83df-605a4f5d7fda.zip?GoogleAccessId=service-212707961397@gcf-admin-robot.iam.gserviceaccount.com&Expires=1709756492&Signature=J6iqTiL2ZW0Uslkv35RyqAcsXd%2Bdht%2FCGTb7eZjwZoDuljkgBFwbVieDPoMsJGqFZgLnQUIYAyUmw0Z%2Bh7djWSqokwChrE75dagLrTWkEtxiNBahAtT3qdkWbfu4OZok1iYhxQKlMF96q5SQRPF9wum4oFvAPF9MvT4ceF4GjsWDPCvvRaNI2f7bVI25Gz1i7G2zdYiDjpLuyr0LbddDNmd6OwUtrS%2FXV5boGINvEmQHq1JhzR3ZNuEWMbiaSM%2B58yJ9exYuf0yzGKdZs66FkpJWKAkEAzoN6GKgRtZK8dq7fTSg8Tsn586Whn%2BGa6zHQ2HaYfCJmEk1lKTGa8r2YQ%3D%3D","environmentVariables":{"FIREBASE_CONFIG":"{\"projectId\":\"good-bowls-398419\",\"databaseURL\":\"https://good-bowls-398419-default-rtdb.firebaseio.com\",\"storageBucket\":\"good-bowls-398419.appspot.com\",\"locationId\":\"us-central\"}","GCLOUD_PROJECT":"good-bowls-398419","EVENTARC_CLOUD_EVENT_SOURCE":"projects/good-bowls-398419/locations/us-central1/functions/translateText"},"runtime":"nodejs18","buildEnvironmentVariables":{"GOOGLE_NODE_RUN_SCRIPTS":""},"dockerRegistry":"ARTIFACT_REGISTRY"},"versionId":"1","updateTime":"2024-03-06T19:52:38Z","buildId":"5a8449cd-52e6-473d-991b-b2a2bba3c3cf","sourceToken":"987c7d8d-4591-4d6c-8235-ebe266c147f1","buildName":"projects/212707961397/locations/us-central1/builds/5a8449cd-52e6-473d-991b-b2a2bba3c3cf"},"done":true,"response":{"@type":"type.googleapis.com/google.cloud.functions.v1.CloudFunction","name":"projects/good-bowls-398419/locations/us-central1/functions/translateText","httpsTrigger":{"url":"https://us-central1-good-bowls-398419.cloudfunctions.net/translateText","securityLevel":"SECURE_ALWAYS"},"status":"ACTIVE","entryPoint":"translateText","timeout":"60s","availableMemoryMb":256,"serviceAccountEmail":"good-bowls-398419@appspot.gserviceaccount.com","updateTime":"2024-03-06T19:52:38.643Z","versionId":"1","labels":{"deployment-tool":"cli-firebase","firebase-functions-hash":"be473af54e100772e8667cfb232546c4abddbeda"},"sourceUploadUrl":"https://storage.googleapis.com/uploads-124858029996.us-central1.cloudfunctions.appspot.com/45b2bfc6-07c5-4231-83df-605a4f5d7fda.zip","environmentVariables":{"FIREBASE_CONFIG":"{\"projectId\":\"good-bowls-398419\",\"databaseURL\":\"https://good-bowls-398419-default-rtdb.firebaseio.com\",\"storageBucket\":\"good-bowls-398419.appspot.com\",\"locationId\":\"us-central\"}","GCLOUD_PROJECT":"good-bowls-398419","EVENTARC_CLOUD_EVENT_SOURCE":"projects/good-bowls-398419/locations/us-central1/functions/translateText"},"runtime":"nodejs18","ingressSettings":"ALLOW_ALL","buildId":"5a8449cd-52e6-473d-991b-b2a2bba3c3cf","buildEnvironmentVariables":{"GOOGLE_NODE_RUN_SCRIPTS":""},"buildName":"projects/212707961397/locations/us-central1/builds/5a8449cd-52e6-473d-991b-b2a2bba3c3cf","dockerRegistry":"ARTIFACT_REGISTRY","automaticUpdatePolicy":{}}}
[debug] [2024-03-06T19:52:45.288Z] Got source token 987c7d8d-4591-4d6c-8235-ebe266c147f1 for region us-central1
[debug] [2024-03-06T19:52:45.290Z] >>> [apiv2][query] POST https://cloudfunctions.googleapis.com/v1/projects/good-bowls-398419/locations/us-central1/functions/translateText:setIamPolicy [none]
[debug] [2024-03-06T19:52:45.292Z] >>> [apiv2][body] POST https://cloudfunctions.googleapis.com/v1/projects/good-bowls-398419/locations/us-central1/functions/translateText:setIamPolicy {"policy":{"bindings":[{"role":"roles/cloudfunctions.invoker","members":["allUsers"]}],"etag":"","version":3},"updateMask":"bindings,etag,version"}
[debug] [2024-03-06T19:52:45.626Z] <<< [apiv2][status] POST https://cloudfunctions.googleapis.com/v1/projects/good-bowls-398419/locations/us-central1/functions/translateText:setIamPolicy 400
[debug] [2024-03-06T19:52:45.627Z] <<< [apiv2][body] POST https://cloudfunctions.googleapis.com/v1/projects/good-bowls-398419/locations/us-central1/functions/translateText:setIamPolicy {"error":{"code":400,"message":"One or more users named in the policy do not belong to a permitted customer.","status":"FAILED_PRECONDITION","details":[{"@type":"type.googleapis.com/google.rpc.PreconditionFailure","violations":[{"type":"constraints/iam.allowedPolicyMemberDomains","subject":"orgpolicy:good-bowls-398419/us-central1/translateText?configvalue=allUsers","description":"User allUsers is not in permitted organization."}]}]}}
[error] Failed to set the IAM Policy on the function projects/good-bowls-398419/locations/us-central1/functions/translateText
[debug] [2024-03-06T19:52:45.633Z] Total Function Deployment time: 69884
[debug] [2024-03-06T19:52:45.633Z] 1 Functions Deployed
[debug] [2024-03-06T19:52:45.633Z] 1 Functions Errored
[debug] [2024-03-06T19:52:45.633Z] 0 Function Deployments Aborted
[debug] [2024-03-06T19:52:45.633Z] Average Function Deployment time: 69884
[info] 
[info] Functions deploy had errors with the following functions:
	translateText(us-central1)
[info] 
[info] Unable to set the invoker for the IAM policy on the following functions:
	translateText(us-central1)
[info] 
[info] Some common causes of this:
[info] 
[info] - You may not have the roles/functions.admin IAM role. Note that roles/functions.developer does not allow you to change IAM policies.
[info] 
[info] - An organization policy that restricts Network Access on your project.
[info] 
[info] One or more functions were being implicitly made publicly available on function create.
[info] Functions are not implicitly made public on updates. To try to make these functions public on next deploy, configure these functions with invoker set to "public"
[info] Function URL (translateText(us-central1)): https://us-central1-good-bowls-398419.cloudfunctions.net/translateText
[info] i  functions: cleaning up build files... 
[debug] [2024-03-06T19:52:45.986Z] >>> [apiv2][query] DELETE https://artifactregistry.googleapis.com/v1beta2/projects/good-bowls-398419/locations/us-central1/repositories/gcf-artifacts/packages/translate_text [none]
[debug] [2024-03-06T19:52:45.988Z] >>> [apiv2][query] GET https://us.gcr.io/v2/good-bowls-398419/gcf/us-central1/tags/list [none]
[debug] [2024-03-06T19:52:46.188Z] <<< [apiv2][status] DELETE https://artifactregistry.googleapis.com/v1beta2/projects/good-bowls-398419/locations/us-central1/repositories/gcf-artifacts/packages/translate_text 200
[debug] [2024-03-06T19:52:46.189Z] <<< [apiv2][body] DELETE https://artifactregistry.googleapis.com/v1beta2/projects/good-bowls-398419/locations/us-central1/repositories/gcf-artifacts/packages/translate_text {"name":"projects/good-bowls-398419/locations/us-central1/operations/0bc5fc38-b534-4d1b-b061-240ab278ca68","metadata":{"@type":"type.googleapis.com/google.devtools.artifactregistry.v1beta2.OperationMetadata"}}
[debug] [2024-03-06T19:52:46.189Z] >>> [apiv2][query] GET https://artifactregistry.googleapis.com/v1beta2/projects/good-bowls-398419/locations/us-central1/operations/0bc5fc38-b534-4d1b-b061-240ab278ca68 [none]
[debug] [2024-03-06T19:52:46.198Z] <<< [apiv2][status] GET https://us.gcr.io/v2/good-bowls-398419/gcf/us-central1/tags/list 200
[debug] [2024-03-06T19:52:46.198Z] <<< [apiv2][body] GET https://us.gcr.io/v2/good-bowls-398419/gcf/us-central1/tags/list {"child":[],"manifest":{},"name":"good-bowls-398419/gcf/us-central1","tags":[]}
[debug] [2024-03-06T19:52:46.199Z] Could not find image for function projects/good-bowls-398419/locations/us-central1/functions/translateText
[debug] [2024-03-06T19:52:46.413Z] <<< [apiv2][status] GET https://artifactregistry.googleapis.com/v1beta2/projects/good-bowls-398419/locations/us-central1/operations/0bc5fc38-b534-4d1b-b061-240ab278ca68 200
[debug] [2024-03-06T19:52:46.413Z] <<< [apiv2][body] GET https://artifactregistry.googleapis.com/v1beta2/projects/good-bowls-398419/locations/us-central1/operations/0bc5fc38-b534-4d1b-b061-240ab278ca68 {"name":"projects/good-bowls-398419/locations/us-central1/operations/0bc5fc38-b534-4d1b-b061-240ab278ca68","metadata":{"@type":"type.googleapis.com/google.devtools.artifactregistry.v1beta2.OperationMetadata"},"done":true,"response":{"@type":"type.googleapis.com/google.protobuf.Empty"}}
[debug] [2024-03-06T19:52:46.413Z] Functions deploy failed.
[debug] [2024-03-06T19:52:46.413Z] {
  "endpoint": {
    "id": "translateText",
    "project": "good-bowls-398419",
    "region": "us-central1",
    "entryPoint": "translateText",
    "platform": "gcfv1",
    "runtime": "nodejs18",
    "httpsTrigger": {},
    "ingressSettings": null,
    "availableMemoryMb": null,
    "serviceAccount": null,
    "timeoutSeconds": null,
    "maxInstances": null,
    "minInstances": null,
    "vpc": null,
    "environmentVariables": {
      "FIREBASE_CONFIG": "{\"projectId\":\"good-bowls-398419\",\"databaseURL\":\"https://good-bowls-398419-default-rtdb.firebaseio.com\",\"storageBucket\":\"good-bowls-398419.appspot.com\",\"locationId\":\"us-central\"}",
      "GCLOUD_PROJECT": "good-bowls-398419",
      "EVENTARC_CLOUD_EVENT_SOURCE": "projects/good-bowls-398419/locations/us-central1/functions/translateText"
    },
    "codebase": "default",
    "targetedByOnly": false,
    "hash": "be473af54e100772e8667cfb232546c4abddbeda",
    "labels": {
      "deployment-tool": "cli-firebase"
    },
    "uri": "https://us-central1-good-bowls-398419.cloudfunctions.net/translateText"
  },
  "op": "set invoker",
  "original": {
    "name": "FirebaseError",
    "children": [],
    "exit": 1,
    "message": "Failed to set the IAM Policy on the function projects/good-bowls-398419/locations/us-central1/functions/translateText",
    "original": {
      "name": "FirebaseError",
      "children": [],
      "context": {
        "body": {
          "error": {
            "code": 400,
            "message": "One or more users named in the policy do not belong to a permitted customer.",
            "status": "FAILED_PRECONDITION",
            "details": [
              {
                "@type": "type.googleapis.com/google.rpc.PreconditionFailure",
                "violations": [
                  {
                    "type": "constraints/iam.allowedPolicyMemberDomains",
                    "subject": "orgpolicy:good-bowls-398419/us-central1/translateText?configvalue=allUsers",
                    "description": "User allUsers is not in permitted organization."
                  }
                ]
              }
            ]
          }
        },
        "response": {
          "statusCode": 400
        }
      },
      "exit": 1,
      "message": "HTTP Error: 400, One or more users named in the policy do not belong to a permitted customer.",
      "status": 400
    },
    "status": 400,
    "code": 400
  }
}
[debug] [2024-03-06T19:52:46.455Z] Error: Failed to set invoker function translateText in region us-central1
    at /usr/local/lib/node_modules/firebase-tools/lib/deploy/functions/release/fabricator.js:51:11
    at process.processTicksAndRejections (node:internal/process/task_queues:95:5)
    at async Fabricator.createV1Function (/usr/local/lib/node_modules/firebase-tools/lib/deploy/functions/release/fabricator.js:192:17)
    at async Fabricator.createEndpoint (/usr/local/lib/node_modules/firebase-tools/lib/deploy/functions/release/fabricator.js:133:13)
    at async handle (/usr/local/lib/node_modules/firebase-tools/lib/deploy/functions/release/fabricator.js:88:17)
[error] 
[error] Error: There was an error deploying functions
